C:\Users\gtetil\Documents\Projects\ME21000-Swoish-Farm-Grain\ME21000E00.dwg,Model,8/29/2021 1:52:23 PM,gtetil,EPSON ET-2760 Series,Letter,1:3.18975,
C:\Users\gtetil\Documents\Projects\ME21000-Swoish-Farm-Grain\ME21000E01.dwg,Model,8/29/2021 1:53:03 PM,gtetil,EPSON ET-2760 Series,Letter,1:3.15685,
C:\Users\gtetil\Documents\Projects\ME21000-Swoish-Farm-Grain\ME21000E02.dwg,Model,8/29/2021 1:54:26 PM,gtetil,EPSON ET-2760 Series,Letter,1:3.18994,
C:\Users\gtetil\Documents\Projects\ME21000-Swoish-Farm-Grain\ME21000E04.dwg,Model,8/29/2021 1:54:35 PM,gtetil,EPSON ET-2760 Series,Letter,1:3.18975,
C:\Users\gtetil\Documents\Projects\ME21000-Swoish-Farm-Grain\ME21000E06.dwg,Model,8/29/2021 1:54:42 PM,gtetil,EPSON ET-2760 Series,Letter,1:3.18984,
C:\Users\gtetil\Documents\Projects\ME21000-Swoish-Farm-Grain\ME21000E08.dwg,Model,8/29/2021 1:54:49 PM,gtetil,EPSON ET-2760 Series,Letter,1:3.18994,
C:\Users\gtetil\Documents\Projects\ME21000-Swoish-Farm-Grain\ME21000E09.dwg,Model,8/29/2021 1:54:55 PM,gtetil,EPSON ET-2760 Series,Letter,1:3.18975,
C:\Users\gtetil\Documents\Projects\ME21000-Swoish-Farm-Grain\ME21000E11.dwg,Model,8/29/2021 1:55:03 PM,gtetil,EPSON ET-2760 Series,Letter,1:3.18965,
C:\Users\gtetil\Documents\Projects\ME21000-Swoish-Farm-Grain\ME21000E18.dwg,Model,8/29/2021 1:55:13 PM,gtetil,EPSON ET-2760 Series,Letter,1:11.7212,
C:\Users\gtetil\Documents\Projects\ME21000-Swoish-Farm-Grain\ME21000E19.dwg,Model,8/29/2021 1:55:19 PM,gtetil,EPSON ET-2760 Series,Letter,1:16.4277,
C:\Users\garre\Documents\Projects\ME21000-Swoish-Grain-Control\Electrical\ME21000E02.dwg,Model,2/25/2022 9:29:45 AM,garre,PublishToWeb JPG.pc3,Sun Hi-Res (1600.00 x 1280.00 Pixels),1:0.0214595,
C:\Users\garre\Documents\Projects\ME21000-Swoish-Grain-Control\Electrical\ME21000E06.dwg,Model,2/25/2022 2:26:00 PM,garre,PublishToWeb PNG.pc3,Sun Hi-Res (1600.00 x 1280.00 Pixels),1:0.0214601,
C:\Users\garre\Documents\Projects\ME22001-Clifford-Pump-Control\Electrical\ME22001E07.dwg,Model,3/22/2022 3:55:39 PM,garre,EPSON4CE123 (WF-7820 Series),11 x 17 in,1:2.07638,
C:\Users\garre\Documents\Projects\ME22001-Clifford-Pump-Control\Electrical\ME22001E04.dwg,Model,3/22/2022 3:55:56 PM,garre,EPSON4CE123 (WF-7820 Series),11 x 17 in,1:2.07632,
C:\Users\garre\Documents\Projects\ME22001-Clifford-Pump-Control\Electrical\ME22001E09.dwg,Model,4/25/2022 11:00:21 AM,garre,EPSON4CE123 (WF-7820 Series),11 x 17 in,1:3.44648,
C:\Users\garre\Documents\Projects\ME22001-Clifford-Pump-Control\Electrical\ME22001E10.dwg,Model,4/25/2022 11:00:33 AM,garre,EPSON4CE123 (WF-7820 Series),11 x 17 in,1:4.33016,
C:\Users\garre\Documents\Projects\ME22001-Clifford-Pump-Control\Electrical\ME22001E00.dwg,Model,4/25/2022 11:08:19 AM,garre,EPSON4CE123 (WF-7820 Series),11 x 17 in,1:2.07638,
C:\Users\garre\Documents\Projects\ME22001-Clifford-Pump-Control\Electrical\ME22001E02.dwg,Model,4/25/2022 11:08:32 AM,garre,EPSON4CE123 (WF-7820 Series),11 x 17 in,1:2.07651,
C:\Users\garre\Documents\Projects\ME22001-Clifford-Pump-Control\Electrical\ME22001E04.dwg,Model,4/25/2022 11:08:54 AM,garre,EPSON4CE123 (WF-7820 Series),11 x 17 in,1:2.07651,
C:\Users\garre\Documents\Projects\ME22001-Clifford-Pump-Control\Electrical\ME22001E05.dwg,Model,4/25/2022 11:09:09 AM,garre,EPSON4CE123 (WF-7820 Series),11 x 17 in,1:2.07651,
C:\Users\garre\Documents\Projects\ME22001-Clifford-Pump-Control\Electrical\ME22001E07.dwg,Model,4/25/2022 11:09:19 AM,garre,EPSON4CE123 (WF-7820 Series),11 x 17 in,1:2.07651,
C:\Users\garre\Documents\Projects\ME21000-Swoish-Grain-Control\Electrical\ME21000E02.dwg,Model,5/26/2022 2:48:11 PM,garre,EPSON4CE123 (WF-7820 Series),11 x 17 in,1:2.07638,
C:\Users\garre\Documents\Projects\ME21000-Swoish-Grain-Control\Electrical\ME21000E03.dwg,Model,5/26/2022 2:48:35 PM,garre,EPSON4CE123 (WF-7820 Series),11 x 17 in,1:2.07638,
C:\Users\garre\Documents\Projects\ME21000-Swoish-Grain-Control\Electrical\ME21000E00.dwg,Model,5/27/2022 9:46:14 AM,garre,EPSON4CE123 (WF-7820 Series),11 x 17 in,1:2.07674,
C:\Users\garre\Documents\Projects\ME21000-Swoish-Grain-Control\Electrical\ME21000E04.dwg,Model,5/27/2022 10:01:33 AM,garre,EPSON4CE123 (WF-7820 Series),11 x 17 in,1:2.07651,
C:\Users\garre\Documents\Projects\ME21000-Swoish-Grain-Control\Electrical\ME21000E05.dwg,Model,5/27/2022 10:01:54 AM,garre,EPSON4CE123 (WF-7820 Series),11 x 17 in,1:2.07638,
C:\Users\garre\Documents\Projects\ME21000-Swoish-Grain-Control\Electrical\ME21000E06.dwg,Model,5/27/2022 10:02:15 AM,garre,EPSON4CE123 (WF-7820 Series),11 x 17 in,1:2.07651,
C:\Users\garre\Documents\Projects\ME21000-Swoish-Grain-Control\Electrical\ME21000E08.dwg,Model,5/27/2022 10:02:32 AM,garre,EPSON4CE123 (WF-7820 Series),11 x 17 in,1:2.07638,
C:\Users\garre\Documents\Projects\ME21000-Swoish-Grain-Control\Electrical\ME21000E09.dwg,Model,5/27/2022 10:02:52 AM,garre,EPSON4CE123 (WF-7820 Series),11 x 17 in,1:2.07651,
C:\Users\garre\Documents\Projects\ME21000-Swoish-Grain-Control\Electrical\ME21000E12.dwg,Model,5/27/2022 10:03:09 AM,garre,EPSON4CE123 (WF-7820 Series),11 x 17 in,1:2.07651,
C:\Users\garre\Documents\Projects\ME21000-Swoish-Grain-Control\Electrical\ME21000E13.dwg,Model,5/27/2022 10:03:30 AM,garre,EPSON4CE123 (WF-7820 Series),11 x 17 in,1:2.07638,
C:\Users\garre\Documents\Projects\ME21000-Swoish-Grain-Control\Electrical\ME21000E14.dwg,Model,5/27/2022 10:03:49 AM,garre,EPSON4CE123 (WF-7820 Series),11 x 17 in,1:2.07638,
C:\Users\garre\Documents\Projects\ME21000-Swoish-Grain-Control\Electrical\ME21000E18.dwg,Model,5/27/2022 10:04:05 AM,garre,EPSON4CE123 (WF-7820 Series),11 x 17 in,1:7.62958,
C:\Users\garre\Documents\Projects\ME21000-Swoish-Grain-Control\Electrical\ME21000E19.dwg,Model,5/27/2022 10:04:23 AM,garre,EPSON4CE123 (WF-7820 Series),11 x 17 in,1:10.6938,
C:\Users\garre\Documents\Projects\ME21000-Swoish-Grain-Control\Electrical\ME21000E20.dwg,Model,5/27/2022 11:08:50 AM,garre,EPSON4CE123 (WF-7820 Series),11 x 17 in,1:8.38874,
C:\Users\garre\Documents\Projects\ME21000-Swoish-Grain-Control\Electrical\ME21000E21.dwg,Model,5/27/2022 11:11:46 AM,garre,EPSON4CE123 (WF-7820 Series),11 x 17 in,1:10.6938,
C:\Users\garre\Documents\Projects\ME21000-Swoish-Grain-Control\Electrical\ME21000E02.dwg,Model,5/27/2022 11:19:58 AM,garre,EPSON4CE123 (WF-7820 Series),11 x 17 in,1:2.07638,
C:\Users\garre\Documents\Projects\ME21000-Swoish-Grain-Control\Electrical\ME21000E03.dwg,Model,5/27/2022 11:20:13 AM,garre,EPSON4CE123 (WF-7820 Series),11 x 17 in,1:2.07638,
C:\Users\garre\Documents\Projects\ME21000-Swoish-Grain-Control\Electrical\ME21000E04.dwg,Model,5/27/2022 11:20:28 AM,garre,EPSON4CE123 (WF-7820 Series),11 x 17 in,1:2.07651,
C:\Users\garre\Documents\Projects\ME21000-Swoish-Grain-Control\Electrical\ME21000E05.dwg,Model,5/27/2022 11:20:39 AM,garre,EPSON4CE123 (WF-7820 Series),11 x 17 in,1:2.07638,
C:\Users\garre\Documents\Projects\ME21000-Swoish-Grain-Control\Electrical\ME21000E06.dwg,Model,5/27/2022 11:21:04 AM,garre,EPSON4CE123 (WF-7820 Series),11 x 17 in,1:2.07651,
C:\Users\garre\Documents\Projects\ME21000-Swoish-Grain-Control\Electrical\ME21000E13.dwg,Model,5/27/2022 11:21:22 AM,garre,EPSON4CE123 (WF-7820 Series),11 x 17 in,1:2.07638,
C:\Users\garre\Documents\Projects\ME21000-Swoish-Grain-Control\Electrical\ME21000E18.dwg,Model,5/27/2022 11:40:49 AM,garre,EPSON4CE123 (WF-7820 Series),11 x 17 in,1:7.62958,
